<?xml version="1.0" encoding="UTF-8"?>
<!-- Generated by org.testng.reporters.JUnitReportReporter -->
<testsuite skipped="0" hostname="DESKTOP-DEB00TS" name="com.sandeep.stjosephchurch.HyperLinksCheck" tests="5" failures="0" timestamp="20 Aug 2017 20:39:19 GMT" time="7.145" errors="0">
  <testcase name="loginData" time="2.463" classname="com.sandeep.stjosephchurch.HyperLinksCheck"/>
  <testcase name="productList" time="1.017" classname="com.sandeep.stjosephchurch.HyperLinksCheck"/>
  <testcase name="newProduct" time="1.012" classname="com.sandeep.stjosephchurch.HyperLinksCheck"/>
  <testcase name="billing" time="1.443" classname="com.sandeep.stjosephchurch.HyperLinksCheck"/>
  <testcase name="billList" time="1.210" classname="com.sandeep.stjosephchurch.HyperLinksCheck"/>
</testsuite> <!-- com.sandeep.stjosephchurch.HyperLinksCheck -->
