<?xml version="1.0" encoding="UTF-8"?>
<!-- Generated by org.testng.reporters.JUnitReportReporter -->
<testsuite skipped="0" hostname="DESKTOP-DEB00TS" name="com.sandeep.stjosephchurch.ValidLoginCheck" tests="1" failures="0" timestamp="20 Aug 2017 20:16:11 GMT" time="4.070" errors="0">
  <testcase name="validLogin" time="4.070" classname="com.sandeep.stjosephchurch.ValidLoginCheck"/>
</testsuite> <!-- com.sandeep.stjosephchurch.ValidLoginCheck -->
