<?xml version="1.0" encoding="UTF-8"?>
<!-- Generated by org.testng.reporters.JUnitReportReporter -->
<testsuite skipped="0" hostname="DESKTOP-DEB00TS" name="com.sandeep.stjosephchurch.InvalidLoginCheck" tests="1" failures="0" timestamp="17 Aug 2017 13:58:26 GMT" time="3.222" errors="0">
  <testcase name="invalidLogin" time="3.222" classname="com.sandeep.stjosephchurch.InvalidLoginCheck"/>
</testsuite> <!-- com.sandeep.stjosephchurch.InvalidLoginCheck -->
